[2022-06-17 13:57:06] production.DEBUG: Message-ID: <0ec0f6bd182bb2ca4b444e67a842a3d4@pinchepoutine.dev>
Date: Fri, 17 Jun 2022 13:57:06 +0100
Subject: Welcome to =?utf-8?Q?Poutiner=C3=ADa_=C2=A1Pinche?= Poutine!
From: =?utf-8?Q?Poutiner=C3=ADa_=C2=A1Pinche?= Poutine!
 <cheftech@pinchepoutine.com>
To: patrouch@gmail.com
MIME-Version: 1.0
Content-Type: multipart/alternative;
 boundary="_=_swift_1655470626_d4a011a1277a7dec9cee3e637cbb0226_=_"

<p>Hi christopher patrouch,</p>
<h2>Thank you for registering with Poutinería ¡Pinche Poutine!.</h2>
<p>Your account has now been created and you can log in using your email address and password by clicking the button below:</p>
<table class="action" align="center" width="100%" cellpadding="0" cellspacing="0">
    <tr>
        <td>
            <table width="100%" border="0" cellpadding="0" cellspacing="0">
                <tr>
                    <td>
                        <table border="0" cellpadding="0" cellspacing="0">
                            <tr>
                                <td>
                                    <a href="https://pinchepoutine.dev/login" class="button button-primary" target="_blank">Login into your account</a>
                                </td>
                            </tr>
                        </table>
                    </td>
                </tr>
            </table>
        </td>
    </tr>
</table>


Content-Type: text/plain; charset=utf-8
Content-Transfer-Encoding: quoted-printable

Hi christopher patrouch,

Thank you for registering with Poutinería ¡Pinche Poutine!.

Your account has now been created and you can log in using your email address and password by visiting our website or at the following URL: https://pinchepoutine.dev/login  
[2022-06-17 21:06:51] production.ERROR: ErrorException: Attempt to read property "currency_symbol" on null in /var/www/pinchepoutine.dev/tastyigniter/themes/tastyigniter-orange/theme.php:7
Stack trace:
#0 /var/www/pinchepoutine.dev/tastyigniter/themes/tastyigniter-orange/theme.php(7): Illuminate\Foundation\Bootstrap\HandleExceptions->handleError()
#1 /var/www/pinchepoutine.dev/tastyigniter/app/main/classes/Theme.php(186): require('...')
#2 /var/www/pinchepoutine.dev/tastyigniter/app/main/classes/MainController.php(147): Main\Classes\Theme->loadThemeFile()
#3 [internal function]: Main\Classes\MainController->__construct()
#4 /var/www/pinchepoutine.dev/tastyigniter/vendor/laravel/framework/src/Illuminate/Container/Container.php(917): ReflectionClass->newInstanceArgs()
#5 /var/www/pinchepoutine.dev/tastyigniter/vendor/laravel/framework/src/Illuminate/Container/Container.php(758): Illuminate\Container\Container->build()
#6 /var/www/pinchepoutine.dev/tastyigniter/vendor/laravel/framework/src/Illuminate/Foundation/Application.php(851): Illuminate\Container\Container->resolve()
#7 /var/www/pinchepoutine.dev/tastyigniter/vendor/laravel/framework/src/Illuminate/Container/Container.php(694): Illuminate\Foundation\Application->resolve()
#8 /var/www/pinchepoutine.dev/tastyigniter/vendor/laravel/framework/src/Illuminate/Foundation/Application.php(836): Illuminate\Container\Container->make()
#9 /var/www/pinchepoutine.dev/tastyigniter/vendor/laravel/framework/src/Illuminate/Support/Facades/Facade.php(261): Illuminate\Foundation\Application->make()
#10 /var/www/pinchepoutine.dev/tastyigniter/app/system/classes/Controller.php(97): Illuminate\Support\Facades\Facade::__callStatic()
#11 /var/www/pinchepoutine.dev/tastyigniter/vendor/laravel/framework/src/Illuminate/Routing/Controller.php(54): System\Classes\Controller->run()
#12 /var/www/pinchepoutine.dev/tastyigniter/vendor/laravel/framework/src/Illuminate/Routing/ControllerDispatcher.php(45): Illuminate\Routing\Controller->callAction()
#13 /var/www/pinchepoutine.dev/tastyigniter/vendor/laravel/framework/src/Illuminate/Routing/Route.php(262): Illuminate\Routing\ControllerDispatcher->dispatch()
#14 /var/www/pinchepoutine.dev/tastyigniter/vendor/laravel/framework/src/Illuminate/Routing/Route.php(205): Illuminate\Routing\Route->runController()
#15 /var/www/pinchepoutine.dev/tastyigniter/vendor/laravel/framework/src/Illuminate/Routing/Router.php(721): Illuminate\Routing\Route->run()
#16 /var/www/pinchepoutine.dev/tastyigniter/vendor/laravel/framework/src/Illuminate/Pipeline/Pipeline.php(128): Illuminate\Routing\Router->Illuminate\Routing\{closure}()
#17 /var/www/pinchepoutine.dev/tastyigniter/extensions/igniter/user/middleware/ThrottleRequests.php(20): Illuminate\Pipeline\Pipeline->Illuminate\Pipeline\{closure}()
#18 /var/www/pinchepoutine.dev/tastyigniter/vendor/laravel/framework/src/Illuminate/Pipeline/Pipeline.php(167): Igniter\User\Middleware\ThrottleRequests->handle()
#19 /var/www/pinchepoutine.dev/tastyigniter/vendor/tastyigniter/flame/src/Translation/Middleware/Localization.php(27): Illuminate\Pipeline\Pipeline->Illuminate\Pipeline\{closure}()
#20 /var/www/pinchepoutine.dev/tastyigniter/vendor/laravel/framework/src/Illuminate/Pipeline/Pipeline.php(167): Igniter\Flame\Translation\Middleware\Localization->handle()
#21 /var/www/pinchepoutine.dev/tastyigniter/vendor/laravel/framework/src/Illuminate/Routing/Middleware/SubstituteBindings.php(50): Illuminate\Pipeline\Pipeline->Illuminate\Pipeline\{closure}()
#22 /var/www/pinchepoutine.dev/tastyigniter/vendor/laravel/framework/src/Illuminate/Pipeline/Pipeline.php(167): Illuminate\Routing\Middleware\SubstituteBindings->handle()
#23 /var/www/pinchepoutine.dev/tastyigniter/vendor/laravel/framework/src/Illuminate/View/Middleware/ShareErrorsFromSession.php(49): Illuminate\Pipeline\Pipeline->Illuminate\Pipeline\{closure}()
#24 /var/www/pinchepoutine.dev/tastyigniter/vendor/laravel/framework/src/Illuminate/Pipeline/Pipeline.php(167): Illuminate\View\Middleware\ShareErrorsFromSession->handle()
#25 /var/www/pinchepoutine.dev/tastyigniter/vendor/laravel/framework/src/Illuminate/Session/Middleware/StartSession.php(121): Illuminate\Pipeline\Pipeline->Illuminate\Pipeline\{closure}()
#26 /var/www/pinchepoutine.dev/tastyigniter/vendor/laravel/framework/src/Illuminate/Session/Middleware/StartSession.php(64): Illuminate\Session\Middleware\StartSession->handleStatefulRequest()
#27 /var/www/pinchepoutine.dev/tastyigniter/vendor/laravel/framework/src/Illuminate/Pipeline/Pipeline.php(167): Illuminate\Session\Middleware\StartSession->handle()
#28 /var/www/pinchepoutine.dev/tastyigniter/vendor/laravel/framework/src/Illuminate/Cookie/Middleware/AddQueuedCookiesToResponse.php(37): Illuminate\Pipeline\Pipeline->Illuminate\Pipeline\{closure}()
#29 /var/www/pinchepoutine.dev/tastyigniter/vendor/laravel/framework/src/Illuminate/Pipeline/Pipeline.php(167): Illuminate\Cookie\Middleware\AddQueuedCookiesToResponse->handle()
#30 /var/www/pinchepoutine.dev/tastyigniter/vendor/laravel/framework/src/Illuminate/Cookie/Middleware/EncryptCookies.php(67): Illuminate\Pipeline\Pipeline->Illuminate\Pipeline\{closure}()
#31 /var/www/pinchepoutine.dev/tastyigniter/vendor/laravel/framework/src/Illuminate/Pipeline/Pipeline.php(167): Illuminate\Cookie\Middleware\EncryptCookies->handle()
#32 /var/www/pinchepoutine.dev/tastyigniter/vendor/laravel/framework/src/Illuminate/Pipeline/Pipeline.php(103): Illuminate\Pipeline\Pipeline->Illuminate\Pipeline\{closure}()
#33 /var/www/pinchepoutine.dev/tastyigniter/vendor/laravel/framework/src/Illuminate/Routing/Router.php(723): Illuminate\Pipeline\Pipeline->then()
#34 /var/www/pinchepoutine.dev/tastyigniter/vendor/laravel/framework/src/Illuminate/Routing/Router.php(698): Illuminate\Routing\Router->runRouteWithinStack()
#35 /var/www/pinchepoutine.dev/tastyigniter/vendor/laravel/framework/src/Illuminate/Routing/Router.php(662): Illuminate\Routing\Router->runRoute()
#36 /var/www/pinchepoutine.dev/tastyigniter/vendor/tastyigniter/flame/src/Router/CoreRouter.php(22): Illuminate\Routing\Router->dispatchToRoute()
#37 /var/www/pinchepoutine.dev/tastyigniter/vendor/laravel/framework/src/Illuminate/Foundation/Http/Kernel.php(167): Igniter\Flame\Router\CoreRouter->dispatch()
#38 /var/www/pinchepoutine.dev/tastyigniter/vendor/laravel/framework/src/Illuminate/Pipeline/Pipeline.php(128): Illuminate\Foundation\Http\Kernel->Illuminate\Foundation\Http\{closure}()
#39 /var/www/pinchepoutine.dev/tastyigniter/vendor/tastyigniter/flame/src/Setting/Middleware/SaveSetting.php(27): Illuminate\Pipeline\Pipeline->Illuminate\Pipeline\{closure}()
#40 /var/www/pinchepoutine.dev/tastyigniter/vendor/laravel/framework/src/Illuminate/Pipeline/Pipeline.php(167): Igniter\Flame\Setting\Middleware\SaveSetting->handle()
#41 /var/www/pinchepoutine.dev/tastyigniter/vendor/laravel/framework/src/Illuminate/Foundation/Http/Middleware/TransformsRequest.php(21): Illuminate\Pipeline\Pipeline->Illuminate\Pipeline\{closure}()
#42 /var/www/pinchepoutine.dev/tastyigniter/vendor/laravel/framework/src/Illuminate/Foundation/Http/Middleware/TrimStrings.php(40): Illuminate\Foundation\Http\Middleware\TransformsRequest->handle()
#43 /var/www/pinchepoutine.dev/tastyigniter/vendor/laravel/framework/src/Illuminate/Pipeline/Pipeline.php(167): Illuminate\Foundation\Http\Middleware\TrimStrings->handle()
#44 /var/www/pinchepoutine.dev/tastyigniter/vendor/laravel/framework/src/Illuminate/Foundation/Http/Middleware/ValidatePostSize.php(27): Illuminate\Pipeline\Pipeline->Illuminate\Pipeline\{closure}()
#45 /var/www/pinchepoutine.dev/tastyigniter/vendor/laravel/framework/src/Illuminate/Pipeline/Pipeline.php(167): Illuminate\Foundation\Http\Middleware\ValidatePostSize->handle()
#46 /var/www/pinchepoutine.dev/tastyigniter/vendor/laravel/framework/src/Illuminate/Foundation/Http/Middleware/PreventRequestsDuringMaintenance.php(86): Illuminate\Pipeline\Pipeline->Illuminate\Pipeline\{closure}()
#47 /var/www/pinchepoutine.dev/tastyigniter/vendor/laravel/framework/src/Illuminate/Pipeline/Pipeline.php(167): Illuminate\Foundation\Http\Middleware\PreventRequestsDuringMaintenance->handle()
#48 /var/www/pinchepoutine.dev/tastyigniter/vendor/fruitcake/laravel-cors/src/HandleCors.php(38): Illuminate\Pipeline\Pipeline->Illuminate\Pipeline\{closure}()
#49 /var/www/pinchepoutine.dev/tastyigniter/vendor/laravel/framework/src/Illuminate/Pipeline/Pipeline.php(167): Fruitcake\Cors\HandleCors->handle()
#50 /var/www/pinchepoutine.dev/tastyigniter/vendor/fideloper/proxy/src/TrustProxies.php(57): Illuminate\Pipeline\Pipeline->Illuminate\Pipeline\{closure}()
#51 /var/www/pinchepoutine.dev/tastyigniter/vendor/laravel/framework/src/Illuminate/Pipeline/Pipeline.php(167): Fideloper\Proxy\TrustProxies->handle()
#52 /var/www/pinchepoutine.dev/tastyigniter/vendor/laravel/framework/src/Illuminate/Pipeline/Pipeline.php(103): Illuminate\Pipeline\Pipeline->Illuminate\Pipeline\{closure}()
#53 /var/www/pinchepoutine.dev/tastyigniter/vendor/laravel/framework/src/Illuminate/Foundation/Http/Kernel.php(142): Illuminate\Pipeline\Pipeline->then()
#54 /var/www/pinchepoutine.dev/tastyigniter/vendor/laravel/framework/src/Illuminate/Foundation/Http/Kernel.php(111): Illuminate\Foundation\Http\Kernel->sendRequestThroughRouter()
#55 /var/www/pinchepoutine.dev/tastyigniter/index.php(53): Illuminate\Foundation\Http\Kernel->handle()
#56 {main}  
[2022-06-17 22:02:18] production.ERROR: Provider "Google Maps" could not geocode address, "API access denied. Message: This API project is not authorized to use this API.".
Provider "Open street maps" could not geocode address, "The geocoder server returned an empty or invalid response.".  
[2022-06-17 22:13:40] production.DEBUG: Message-ID: <e3e1adeebf4a3872abaeb2ecf29181aa@pinchepoutine.dev>
Date: Fri, 17 Jun 2022 22:13:40 -0500
Subject: This a test email
From: =?utf-8?Q?Poutiner=C3=ADa_=C2=A1Pinche?= Poutine!
 <cheftech@pinchepoutine.com>
To: Chef Tech <cheftech@pinchepoutine.dev>
MIME-Version: 1.0
Content-Type: multipart/alternative;
 boundary="_=_swift_1655522020_3ebc133d5137710b1c0a231190789c16_=_"



Content-Type: text/plain; charset=utf-8
Content-Transfer-Encoding: quoted-printable

This is a test email. If you've received this, it means emails are working in TastyIgniter.  
[2022-06-17 22:13:58] production.DEBUG: Message-ID: <be0897df8dfb06f8f2ab692b96dc7cc6@pinchepoutine.dev>
Date: Fri, 17 Jun 2022 22:13:58 -0500
Subject: This a test email
From: =?utf-8?Q?Poutiner=C3=ADa_=C2=A1Pinche?= Poutine!
 <cheftech@pinchepoutine.com>
To: Chef Tech <cheftech@pinchepoutine.dev>
MIME-Version: 1.0
Content-Type: multipart/alternative;
 boundary="_=_swift_1655522038_e73fd1ec99556f7ce2c88340a05d267c_=_"



Content-Type: text/plain; charset=utf-8
Content-Transfer-Encoding: quoted-printable

This is a test email. If you've received this, it means emails are working in TastyIgniter.  
[2022-06-17 22:15:41] production.DEBUG: Message-ID: <21bdabb2c08698593069005a12f26b8a@pinchepoutine.dev>
Date: Fri, 17 Jun 2022 22:15:41 -0500
Subject: This a test email
From: =?utf-8?Q?Poutiner=C3=ADa_=C2=A1Pinche?= Poutine!
 <cheftech@pinchepoutine.dev>
To: Chef Tech <cheftech@pinchepoutine.dev>
MIME-Version: 1.0
Content-Type: multipart/alternative;
 boundary="_=_swift_1655522141_a9b131f5e567c47f8a08e712800e6147_=_"



Content-Type: text/plain; charset=utf-8
Content-Transfer-Encoding: quoted-printable

This is a test email. If you've received this, it means emails are working in TastyIgniter.  
